{"/workspaces/WolfJobs/backend/controllers/resume_controller.js": {"path":"/workspaces/WolfJobs/backend/controllers/resume_controller.js","statementMap":{"0":{"start":{"line":2,"column":15},"end":{"line":2,"column":42}},"1":{"start":{"line":3,"column":13},"end":{"line":3,"column":38}},"2":{"start":{"line":4,"column":20},"end":{"line":4,"column":52}},"3":{"start":{"line":6,"column":15},"end":{"line":6,"column":32}},"4":{"start":{"line":8,"column":15},"end":{"line":16,"column":2}},"5":{"start":{"line":11,"column":4},"end":{"line":13,"column":5}},"6":{"start":{"line":12,"column":6},"end":{"line":12,"column":55}},"7":{"start":{"line":14,"column":4},"end":{"line":14,"column":24}},"8":{"start":{"line":19,"column":0},"end":{"line":44,"column":2}},"9":{"start":{"line":20,"column":13},"end":{"line":20,"column":53}},"10":{"start":{"line":22,"column":2},"end":{"line":24,"column":3}},"11":{"start":{"line":23,"column":4},"end":{"line":23,"column":61}},"12":{"start":{"line":26,"column":2},"end":{"line":43,"column":3}},"13":{"start":{"line":27,"column":19},"end":{"line":32,"column":6}},"14":{"start":{"line":33,"column":4},"end":{"line":33,"column":24}},"15":{"start":{"line":36,"column":4},"end":{"line":36,"column":31}},"16":{"start":{"line":37,"column":4},"end":{"line":37,"column":34}},"17":{"start":{"line":38,"column":4},"end":{"line":38,"column":22}},"18":{"start":{"line":40,"column":4},"end":{"line":40,"column":70}},"19":{"start":{"line":42,"column":4},"end":{"line":42,"column":51}},"20":{"start":{"line":46,"column":0},"end":{"line":60,"column":2}},"21":{"start":{"line":47,"column":2},"end":{"line":59,"column":3}},"22":{"start":{"line":48,"column":17},"end":{"line":48,"column":59}},"23":{"start":{"line":49,"column":19},"end":{"line":49,"column":63}},"24":{"start":{"line":50,"column":4},"end":{"line":52,"column":5}},"25":{"start":{"line":51,"column":6},"end":{"line":51,"column":65}},"26":{"start":{"line":53,"column":4},"end":{"line":53,"column":47}},"27":{"start":{"line":55,"column":4},"end":{"line":55,"column":74}},"28":{"start":{"line":56,"column":4},"end":{"line":56,"column":30}},"29":{"start":{"line":58,"column":4},"end":{"line":58,"column":51}},"30":{"start":{"line":63,"column":0},"end":{"line":63,"column":24}},"31":{"start":{"line":65,"column":0},"end":{"line":67,"column":2}},"32":{"start":{"line":66,"column":2},"end":{"line":66,"column":32}},"33":{"start":{"line":69,"column":0},"end":{"line":82,"column":2}},"34":{"start":{"line":70,"column":2},"end":{"line":81,"column":3}},"35":{"start":{"line":71,"column":19},"end":{"line":71,"column":63}},"36":{"start":{"line":72,"column":4},"end":{"line":74,"column":5}},"37":{"start":{"line":73,"column":6},"end":{"line":73,"column":65}},"38":{"start":{"line":75,"column":4},"end":{"line":75,"column":47}},"39":{"start":{"line":77,"column":4},"end":{"line":77,"column":74}},"40":{"start":{"line":78,"column":4},"end":{"line":78,"column":30}},"41":{"start":{"line":80,"column":4},"end":{"line":80,"column":51}},"42":{"start":{"line":85,"column":0},"end":{"line":85,"column":24}},"43":{"start":{"line":87,"column":0},"end":{"line":89,"column":2}},"44":{"start":{"line":88,"column":2},"end":{"line":88,"column":32}}},"fnMap":{"0":{"name":"(anonymous_0)","decl":{"start":{"line":10,"column":2},"end":{"line":10,"column":3}},"loc":{"start":{"line":10,"column":28},"end":{"line":15,"column":3}},"line":10},"1":{"name":"(anonymous_1)","decl":{"start":{"line":19,"column":23},"end":{"line":19,"column":24}},"loc":{"start":{"line":19,"column":43},"end":{"line":44,"column":1}},"line":19},"2":{"name":"(anonymous_2)","decl":{"start":{"line":46,"column":20},"end":{"line":46,"column":21}},"loc":{"start":{"line":46,"column":40},"end":{"line":60,"column":1}},"line":46},"3":{"name":"(anonymous_3)","decl":{"start":{"line":65,"column":15},"end":{"line":65,"column":16}},"loc":{"start":{"line":65,"column":29},"end":{"line":67,"column":1}},"line":65},"4":{"name":"(anonymous_4)","decl":{"start":{"line":69,"column":24},"end":{"line":69,"column":25}},"loc":{"start":{"line":69,"column":44},"end":{"line":82,"column":1}},"line":69},"5":{"name":"(anonymous_5)","decl":{"start":{"line":87,"column":15},"end":{"line":87,"column":16}},"loc":{"start":{"line":87,"column":29},"end":{"line":89,"column":1}},"line":87}},"branchMap":{"0":{"loc":{"start":{"line":11,"column":4},"end":{"line":13,"column":5}},"type":"if","locations":[{"start":{"line":11,"column":4},"end":{"line":13,"column":5}},{"start":{},"end":{}}],"line":11},"1":{"loc":{"start":{"line":22,"column":2},"end":{"line":24,"column":3}},"type":"if","locations":[{"start":{"line":22,"column":2},"end":{"line":24,"column":3}},{"start":{},"end":{}}],"line":22},"2":{"loc":{"start":{"line":50,"column":4},"end":{"line":52,"column":5}},"type":"if","locations":[{"start":{"line":50,"column":4},"end":{"line":52,"column":5}},{"start":{},"end":{}}],"line":50},"3":{"loc":{"start":{"line":72,"column":4},"end":{"line":74,"column":5}},"type":"if","locations":[{"start":{"line":72,"column":4},"end":{"line":74,"column":5}},{"start":{},"end":{}}],"line":72}},"s":{"0":1,"1":1,"2":1,"3":1,"4":1,"5":0,"6":0,"7":0,"8":1,"9":0,"10":0,"11":0,"12":0,"13":0,"14":0,"15":0,"16":0,"17":0,"18":0,"19":0,"20":1,"21":0,"22":0,"23":0,"24":0,"25":0,"26":0,"27":0,"28":0,"29":0,"30":1,"31":1,"32":0,"33":1,"34":3,"35":3,"36":2,"37":1,"38":1,"39":1,"40":1,"41":1,"42":1,"43":1,"44":0},"f":{"0":0,"1":0,"2":0,"3":0,"4":3,"5":0},"b":{"0":[0,0],"1":[0,0],"2":[0,0],"3":[1,1]},"_coverageSchema":"1a1c01bbd47fc00a2c39e90264f33305004495a9","hash":"c065fe177a7a877f55a36cd0d137c7b87e51376a"}
,"/workspaces/WolfJobs/backend/controllers/api/v1/profile_apis.js": {"path":"/workspaces/WolfJobs/backend/controllers/api/v1/profile_apis.js","statementMap":{"0":{"start":{"line":1,"column":13},"end":{"line":1,"column":44}},"1":{"start":{"line":2,"column":12},"end":{"line":2,"column":35}},"2":{"start":{"line":3,"column":14},"end":{"line":3,"column":46}},"3":{"start":{"line":4,"column":17},"end":{"line":4,"column":54}},"4":{"start":{"line":5,"column":16},"end":{"line":5,"column":52}},"5":{"start":{"line":6,"column":24},"end":{"line":6,"column":42}},"6":{"start":{"line":8,"column":0},"end":{"line":8,"column":27}},"7":{"start":{"line":10,"column":17},"end":{"line":10,"column":39}},"8":{"start":{"line":11,"column":13},"end":{"line":11,"column":30}},"9":{"start":{"line":12,"column":13},"end":{"line":12,"column":44}},"10":{"start":{"line":13,"column":31},"end":{"line":13,"column":63}},"11":{"start":{"line":15,"column":0},"end":{"line":36,"column":2}},"12":{"start":{"line":16,"column":4},"end":{"line":35,"column":5}},"13":{"start":{"line":19,"column":8},"end":{"line":19,"column":52}},"14":{"start":{"line":20,"column":25},"end":{"line":20,"column":58}},"15":{"start":{"line":22,"column":8},"end":{"line":29,"column":13}},"16":{"start":{"line":32,"column":8},"end":{"line":34,"column":13}},"17":{"start":{"line":38,"column":0},"end":{"line":58,"column":2}},"18":{"start":{"line":39,"column":4},"end":{"line":57,"column":5}},"19":{"start":{"line":42,"column":8},"end":{"line":42,"column":52}},"20":{"start":{"line":43,"column":21},"end":{"line":43,"column":100}},"21":{"start":{"line":45,"column":8},"end":{"line":51,"column":13}},"22":{"start":{"line":54,"column":8},"end":{"line":56,"column":13}},"23":{"start":{"line":60,"column":0},"end":{"line":81,"column":2}},"24":{"start":{"line":61,"column":4},"end":{"line":80,"column":5}},"25":{"start":{"line":64,"column":8},"end":{"line":64,"column":52}},"26":{"start":{"line":65,"column":32},"end":{"line":65,"column":91}},"27":{"start":{"line":68,"column":8},"end":{"line":74,"column":13}},"28":{"start":{"line":77,"column":8},"end":{"line":79,"column":13}},"29":{"start":{"line":84,"column":0},"end":{"line":105,"column":2}},"30":{"start":{"line":85,"column":4},"end":{"line":104,"column":5}},"31":{"start":{"line":88,"column":8},"end":{"line":88,"column":52}},"32":{"start":{"line":89,"column":8},"end":{"line":89,"column":30}},"33":{"start":{"line":90,"column":32},"end":{"line":90,"column":100}},"34":{"start":{"line":92,"column":8},"end":{"line":98,"column":13}},"35":{"start":{"line":101,"column":8},"end":{"line":103,"column":13}},"36":{"start":{"line":108,"column":0},"end":{"line":129,"column":2}},"37":{"start":{"line":109,"column":2},"end":{"line":128,"column":3}},"38":{"start":{"line":112,"column":6},"end":{"line":112,"column":50}},"39":{"start":{"line":113,"column":22},"end":{"line":113,"column":54}},"40":{"start":{"line":115,"column":6},"end":{"line":122,"column":11}},"41":{"start":{"line":125,"column":6},"end":{"line":127,"column":11}},"42":{"start":{"line":131,"column":0},"end":{"line":151,"column":2}},"43":{"start":{"line":132,"column":2},"end":{"line":150,"column":3}},"44":{"start":{"line":135,"column":6},"end":{"line":135,"column":50}},"45":{"start":{"line":136,"column":19},"end":{"line":136,"column":97}},"46":{"start":{"line":138,"column":6},"end":{"line":144,"column":11}},"47":{"start":{"line":147,"column":6},"end":{"line":149,"column":11}},"48":{"start":{"line":153,"column":0},"end":{"line":174,"column":2}},"49":{"start":{"line":154,"column":2},"end":{"line":173,"column":3}},"50":{"start":{"line":157,"column":6},"end":{"line":157,"column":50}},"51":{"start":{"line":158,"column":29},"end":{"line":158,"column":86}},"52":{"start":{"line":161,"column":6},"end":{"line":167,"column":11}},"53":{"start":{"line":170,"column":6},"end":{"line":172,"column":11}},"54":{"start":{"line":177,"column":0},"end":{"line":198,"column":2}},"55":{"start":{"line":178,"column":2},"end":{"line":197,"column":3}},"56":{"start":{"line":181,"column":6},"end":{"line":181,"column":50}},"57":{"start":{"line":182,"column":6},"end":{"line":182,"column":28}},"58":{"start":{"line":183,"column":29},"end":{"line":183,"column":96}},"59":{"start":{"line":185,"column":6},"end":{"line":191,"column":11}},"60":{"start":{"line":194,"column":6},"end":{"line":196,"column":11}},"61":{"start":{"line":200,"column":0},"end":{"line":270,"column":2}},"62":{"start":{"line":201,"column":2},"end":{"line":269,"column":3}},"63":{"start":{"line":204,"column":6},"end":{"line":204,"column":50}},"64":{"start":{"line":205,"column":23},"end":{"line":205,"column":45}},"65":{"start":{"line":206,"column":26},"end":{"line":206,"column":105}},"66":{"start":{"line":207,"column":25},"end":{"line":207,"column":103}},"67":{"start":{"line":208,"column":6},"end":{"line":214,"column":7}},"68":{"start":{"line":209,"column":10},"end":{"line":213,"column":15}},"69":{"start":{"line":218,"column":6},"end":{"line":218,"column":17}},"70":{"start":{"line":219,"column":6},"end":{"line":226,"column":7}},"71":{"start":{"line":220,"column":8},"end":{"line":225,"column":9}},"72":{"start":{"line":221,"column":10},"end":{"line":223,"column":109}},"73":{"start":{"line":224,"column":10},"end":{"line":224,"column":42}},"74":{"start":{"line":227,"column":6},"end":{"line":232,"column":7}},"75":{"start":{"line":228,"column":8},"end":{"line":231,"column":9}},"76":{"start":{"line":229,"column":10},"end":{"line":229,"column":196}},"77":{"start":{"line":230,"column":10},"end":{"line":230,"column":41}},"78":{"start":{"line":234,"column":6},"end":{"line":234,"column":47}},"79":{"start":{"line":248,"column":18},"end":{"line":248,"column":68}},"80":{"start":{"line":249,"column":18},"end":{"line":249,"column":73}},"81":{"start":{"line":251,"column":19},"end":{"line":252,"column":183}},"82":{"start":{"line":254,"column":19},"end":{"line":254,"column":54}},"83":{"start":{"line":255,"column":4},"end":{"line":255,"column":40}},"84":{"start":{"line":258,"column":6},"end":{"line":262,"column":11}},"85":{"start":{"line":266,"column":6},"end":{"line":268,"column":11}}},"fnMap":{"0":{"name":"(anonymous_0)","decl":{"start":{"line":15,"column":32},"end":{"line":15,"column":33}},"loc":{"start":{"line":15,"column":55},"end":{"line":36,"column":1}},"line":15},"1":{"name":"(anonymous_1)","decl":{"start":{"line":38,"column":32},"end":{"line":38,"column":33}},"loc":{"start":{"line":38,"column":55},"end":{"line":58,"column":1}},"line":38},"2":{"name":"(anonymous_2)","decl":{"start":{"line":60,"column":32},"end":{"line":60,"column":33}},"loc":{"start":{"line":60,"column":55},"end":{"line":81,"column":1}},"line":60},"3":{"name":"(anonymous_3)","decl":{"start":{"line":84,"column":32},"end":{"line":84,"column":33}},"loc":{"start":{"line":84,"column":55},"end":{"line":105,"column":1}},"line":84},"4":{"name":"(anonymous_4)","decl":{"start":{"line":108,"column":31},"end":{"line":108,"column":32}},"loc":{"start":{"line":108,"column":54},"end":{"line":129,"column":1}},"line":108},"5":{"name":"(anonymous_5)","decl":{"start":{"line":131,"column":31},"end":{"line":131,"column":32}},"loc":{"start":{"line":131,"column":54},"end":{"line":151,"column":1}},"line":131},"6":{"name":"(anonymous_6)","decl":{"start":{"line":153,"column":31},"end":{"line":153,"column":32}},"loc":{"start":{"line":153,"column":54},"end":{"line":174,"column":1}},"line":153},"7":{"name":"(anonymous_7)","decl":{"start":{"line":177,"column":31},"end":{"line":177,"column":32}},"loc":{"start":{"line":177,"column":54},"end":{"line":198,"column":1}},"line":177},"8":{"name":"(anonymous_8)","decl":{"start":{"line":200,"column":31},"end":{"line":200,"column":32}},"loc":{"start":{"line":200,"column":54},"end":{"line":270,"column":1}},"line":200}},"branchMap":{"0":{"loc":{"start":{"line":208,"column":6},"end":{"line":214,"column":7}},"type":"if","locations":[{"start":{"line":208,"column":6},"end":{"line":214,"column":7}},{"start":{},"end":{}}],"line":208},"1":{"loc":{"start":{"line":208,"column":9},"end":{"line":208,"column":58}},"type":"binary-expr","locations":[{"start":{"line":208,"column":9},"end":{"line":208,"column":32}},{"start":{"line":208,"column":36},"end":{"line":208,"column":58}}],"line":208},"2":{"loc":{"start":{"line":219,"column":6},"end":{"line":226,"column":7}},"type":"if","locations":[{"start":{"line":219,"column":6},"end":{"line":226,"column":7}},{"start":{},"end":{}}],"line":219},"3":{"loc":{"start":{"line":222,"column":38},"end":{"line":222,"column":117}},"type":"cond-expr","locations":[{"start":{"line":222,"column":69},"end":{"line":222,"column":108}},{"start":{"line":222,"column":111},"end":{"line":222,"column":117}}],"line":222},"4":{"loc":{"start":{"line":223,"column":36},"end":{"line":223,"column":107}},"type":"cond-expr","locations":[{"start":{"line":223,"column":61},"end":{"line":223,"column":95}},{"start":{"line":223,"column":98},"end":{"line":223,"column":107}}],"line":223},"5":{"loc":{"start":{"line":227,"column":6},"end":{"line":232,"column":7}},"type":"if","locations":[{"start":{"line":227,"column":6},"end":{"line":232,"column":7}},{"start":{},"end":{}}],"line":227},"6":{"loc":{"start":{"line":229,"column":125},"end":{"line":229,"column":194}},"type":"cond-expr","locations":[{"start":{"line":229,"column":149},"end":{"line":229,"column":182}},{"start":{"line":229,"column":185},"end":{"line":229,"column":194}}],"line":229}},"s":{"0":1,"1":1,"2":1,"3":1,"4":1,"5":1,"6":1,"7":1,"8":1,"9":1,"10":1,"11":1,"12":2,"13":2,"14":2,"15":1,"16":1,"17":1,"18":0,"19":0,"20":0,"21":0,"22":0,"23":1,"24":0,"25":0,"26":0,"27":0,"28":0,"29":1,"30":0,"31":0,"32":0,"33":0,"34":0,"35":0,"36":1,"37":0,"38":0,"39":0,"40":0,"41":0,"42":1,"43":0,"44":0,"45":0,"46":0,"47":0,"48":1,"49":0,"50":0,"51":0,"52":0,"53":0,"54":1,"55":0,"56":0,"57":0,"58":0,"59":0,"60":0,"61":1,"62":0,"63":0,"64":0,"65":0,"66":0,"67":0,"68":0,"69":0,"70":0,"71":0,"72":0,"73":0,"74":0,"75":0,"76":0,"77":0,"78":0,"79":0,"80":0,"81":0,"82":0,"83":0,"84":0,"85":0},"f":{"0":2,"1":0,"2":0,"3":0,"4":0,"5":0,"6":0,"7":0,"8":0},"b":{"0":[0,0],"1":[0,0],"2":[0,0],"3":[0,0],"4":[0,0],"5":[0,0],"6":[0,0]},"_coverageSchema":"1a1c01bbd47fc00a2c39e90264f33305004495a9","hash":"249e92af9243a3b583a339e544eb1e903b340213"}
,"/workspaces/WolfJobs/backend/controllers/api/v1/users_api.js": {"path":"/workspaces/WolfJobs/backend/controllers/api/v1/users_api.js","statementMap":{"0":{"start":{"line":1,"column":13},"end":{"line":1,"column":44}},"1":{"start":{"line":2,"column":15},"end":{"line":2,"column":48}},"2":{"start":{"line":3,"column":12},"end":{"line":3,"column":35}},"3":{"start":{"line":4,"column":13},"end":{"line":4,"column":44}},"4":{"start":{"line":5,"column":16},"end":{"line":5,"column":50}},"5":{"start":{"line":6,"column":12},"end":{"line":6,"column":42}},"6":{"start":{"line":7,"column":20},"end":{"line":7,"column":58}},"7":{"start":{"line":8,"column":16},"end":{"line":8,"column":50}},"8":{"start":{"line":9,"column":14},"end":{"line":9,"column":46}},"9":{"start":{"line":11,"column":19},"end":{"line":11,"column":40}},"10":{"start":{"line":12,"column":24},"end":{"line":12,"column":42}},"11":{"start":{"line":14,"column":0},"end":{"line":14,"column":27}},"12":{"start":{"line":16,"column":0},"end":{"line":41,"column":2}},"13":{"start":{"line":17,"column":2},"end":{"line":40,"column":3}},"14":{"start":{"line":19,"column":15},"end":{"line":19,"column":60}},"15":{"start":{"line":20,"column":4},"end":{"line":20,"column":48}},"16":{"start":{"line":21,"column":4},"end":{"line":25,"column":5}},"17":{"start":{"line":22,"column":6},"end":{"line":24,"column":9}},"18":{"start":{"line":26,"column":4},"end":{"line":26,"column":48}},"19":{"start":{"line":27,"column":4},"end":{"line":34,"column":7}},"20":{"start":{"line":36,"column":4},"end":{"line":36,"column":32}},"21":{"start":{"line":37,"column":4},"end":{"line":39,"column":7}},"22":{"start":{"line":43,"column":0},"end":{"line":68,"column":2}},"23":{"start":{"line":44,"column":2},"end":{"line":67,"column":3}},"24":{"start":{"line":45,"column":18},"end":{"line":50,"column":6}},"25":{"start":{"line":52,"column":4},"end":{"line":52,"column":48}},"26":{"start":{"line":53,"column":4},"end":{"line":60,"column":7}},"27":{"start":{"line":62,"column":4},"end":{"line":62,"column":21}},"28":{"start":{"line":64,"column":4},"end":{"line":66,"column":7}},"29":{"start":{"line":70,"column":0},"end":{"line":120,"column":2}},"30":{"start":{"line":71,"column":2},"end":{"line":119,"column":3}},"31":{"start":{"line":72,"column":4},"end":{"line":76,"column":5}},"32":{"start":{"line":73,"column":6},"end":{"line":75,"column":9}},"33":{"start":{"line":80,"column":4},"end":{"line":80,"column":55}},"34":{"start":{"line":81,"column":4},"end":{"line":96,"column":5}},"35":{"start":{"line":82,"column":6},"end":{"line":82,"column":50}},"36":{"start":{"line":83,"column":6},"end":{"line":95,"column":9}},"37":{"start":{"line":97,"column":4},"end":{"line":113,"column":5}},"38":{"start":{"line":98,"column":6},"end":{"line":98,"column":40}},"39":{"start":{"line":99,"column":6},"end":{"line":99,"column":50}},"40":{"start":{"line":100,"column":6},"end":{"line":111,"column":9}},"41":{"start":{"line":116,"column":4},"end":{"line":118,"column":7}},"42":{"start":{"line":122,"column":0},"end":{"line":144,"column":2}},"43":{"start":{"line":123,"column":2},"end":{"line":143,"column":3}},"44":{"start":{"line":124,"column":15},"end":{"line":124,"column":49}},"45":{"start":{"line":125,"column":4},"end":{"line":125,"column":48}},"46":{"start":{"line":126,"column":4},"end":{"line":136,"column":7}},"47":{"start":{"line":138,"column":4},"end":{"line":138,"column":21}},"48":{"start":{"line":140,"column":4},"end":{"line":142,"column":7}},"49":{"start":{"line":146,"column":0},"end":{"line":189,"column":2}},"50":{"start":{"line":148,"column":2},"end":{"line":183,"column":3}},"51":{"start":{"line":149,"column":15},"end":{"line":149,"column":47}},"52":{"start":{"line":151,"column":4},"end":{"line":151,"column":30}},"53":{"start":{"line":152,"column":4},"end":{"line":152,"column":38}},"54":{"start":{"line":153,"column":4},"end":{"line":153,"column":30}},"55":{"start":{"line":154,"column":4},"end":{"line":154,"column":36}},"56":{"start":{"line":155,"column":4},"end":{"line":155,"column":44}},"57":{"start":{"line":156,"column":4},"end":{"line":156,"column":32}},"58":{"start":{"line":157,"column":4},"end":{"line":157,"column":46}},"59":{"start":{"line":158,"column":4},"end":{"line":158,"column":34}},"60":{"start":{"line":160,"column":4},"end":{"line":160,"column":28}},"61":{"start":{"line":161,"column":4},"end":{"line":161,"column":24}},"62":{"start":{"line":162,"column":4},"end":{"line":162,"column":16}},"63":{"start":{"line":163,"column":4},"end":{"line":163,"column":48}},"64":{"start":{"line":164,"column":4},"end":{"line":176,"column":7}},"65":{"start":{"line":178,"column":4},"end":{"line":178,"column":21}},"66":{"start":{"line":180,"column":4},"end":{"line":182,"column":7}},"67":{"start":{"line":190,"column":0},"end":{"line":214,"column":2}},"68":{"start":{"line":191,"column":2},"end":{"line":213,"column":3}},"69":{"start":{"line":192,"column":16},"end":{"line":192,"column":48}},"70":{"start":{"line":194,"column":16},"end":{"line":194,"column":47}},"71":{"start":{"line":195,"column":4},"end":{"line":195,"column":48}},"72":{"start":{"line":196,"column":4},"end":{"line":206,"column":7}},"73":{"start":{"line":208,"column":4},"end":{"line":208,"column":21}},"74":{"start":{"line":210,"column":4},"end":{"line":212,"column":7}},"75":{"start":{"line":216,"column":0},"end":{"line":241,"column":2}},"76":{"start":{"line":217,"column":2},"end":{"line":240,"column":3}},"77":{"start":{"line":218,"column":18},"end":{"line":221,"column":6}},"78":{"start":{"line":222,"column":4},"end":{"line":222,"column":48}},"79":{"start":{"line":223,"column":4},"end":{"line":233,"column":7}},"80":{"start":{"line":235,"column":4},"end":{"line":235,"column":21}},"81":{"start":{"line":237,"column":4},"end":{"line":239,"column":7}},"82":{"start":{"line":243,"column":0},"end":{"line":277,"column":2}},"83":{"start":{"line":244,"column":13},"end":{"line":244,"column":53}},"84":{"start":{"line":245,"column":2},"end":{"line":245,"column":26}},"85":{"start":{"line":246,"column":2},"end":{"line":276,"column":3}},"86":{"start":{"line":247,"column":14},"end":{"line":260,"column":6}},"87":{"start":{"line":261,"column":4},"end":{"line":261,"column":48}},"88":{"start":{"line":262,"column":4},"end":{"line":269,"column":7}},"89":{"start":{"line":271,"column":4},"end":{"line":271,"column":21}},"90":{"start":{"line":273,"column":4},"end":{"line":275,"column":7}},"91":{"start":{"line":279,"column":0},"end":{"line":289,"column":2}},"92":{"start":{"line":280,"column":13},"end":{"line":280,"column":50}},"93":{"start":{"line":283,"column":2},"end":{"line":283,"column":46}},"94":{"start":{"line":284,"column":2},"end":{"line":288,"column":5}},"95":{"start":{"line":291,"column":0},"end":{"line":301,"column":2}},"96":{"start":{"line":292,"column":20},"end":{"line":292,"column":65}},"97":{"start":{"line":295,"column":2},"end":{"line":295,"column":46}},"98":{"start":{"line":296,"column":2},"end":{"line":300,"column":5}},"99":{"start":{"line":303,"column":0},"end":{"line":359,"column":2}},"100":{"start":{"line":307,"column":2},"end":{"line":358,"column":3}},"101":{"start":{"line":308,"column":32},"end":{"line":311,"column":6}},"102":{"start":{"line":313,"column":4},"end":{"line":319,"column":5}},"103":{"start":{"line":314,"column":6},"end":{"line":314,"column":50}},"104":{"start":{"line":315,"column":6},"end":{"line":318,"column":9}},"105":{"start":{"line":322,"column":23},"end":{"line":324,"column":6}},"106":{"start":{"line":326,"column":4},"end":{"line":328,"column":5}},"107":{"start":{"line":327,"column":6},"end":{"line":327,"column":78}},"108":{"start":{"line":331,"column":24},"end":{"line":346,"column":6}},"109":{"start":{"line":347,"column":4},"end":{"line":347,"column":48}},"110":{"start":{"line":348,"column":4},"end":{"line":348,"column":29}},"111":{"start":{"line":349,"column":4},"end":{"line":354,"column":7}},"112":{"start":{"line":356,"column":4},"end":{"line":356,"column":21}},"113":{"start":{"line":357,"column":4},"end":{"line":357,"column":70}},"114":{"start":{"line":361,"column":0},"end":{"line":437,"column":2}},"115":{"start":{"line":362,"column":2},"end":{"line":436,"column":3}},"116":{"start":{"line":363,"column":22},"end":{"line":363,"column":72}},"117":{"start":{"line":364,"column":22},"end":{"line":364,"column":37}},"118":{"start":{"line":365,"column":4},"end":{"line":365,"column":35}},"119":{"start":{"line":368,"column":4},"end":{"line":373,"column":5}},"120":{"start":{"line":369,"column":6},"end":{"line":369,"column":45}},"121":{"start":{"line":370,"column":6},"end":{"line":370,"column":45}},"122":{"start":{"line":371,"column":6},"end":{"line":371,"column":45}},"123":{"start":{"line":372,"column":6},"end":{"line":372,"column":45}},"124":{"start":{"line":375,"column":4},"end":{"line":377,"column":5}},"125":{"start":{"line":376,"column":6},"end":{"line":376,"column":43}},"126":{"start":{"line":378,"column":4},"end":{"line":378,"column":23}},"127":{"start":{"line":381,"column":22},"end":{"line":381,"column":66}},"128":{"start":{"line":382,"column":20},"end":{"line":382,"column":75}},"129":{"start":{"line":385,"column":4},"end":{"line":403,"column":5}},"130":{"start":{"line":388,"column":6},"end":{"line":390,"column":54}},"131":{"start":{"line":391,"column":11},"end":{"line":403,"column":5}},"132":{"start":{"line":393,"column":6},"end":{"line":396,"column":54}},"133":{"start":{"line":397,"column":11},"end":{"line":403,"column":5}},"134":{"start":{"line":399,"column":6},"end":{"line":402,"column":54}},"135":{"start":{"line":405,"column":4},"end":{"line":420,"column":5}},"136":{"start":{"line":411,"column":6},"end":{"line":419,"column":7}},"137":{"start":{"line":412,"column":8},"end":{"line":412,"column":62}},"138":{"start":{"line":414,"column":8},"end":{"line":414,"column":58}},"139":{"start":{"line":415,"column":8},"end":{"line":418,"column":11}},"140":{"start":{"line":422,"column":4},"end":{"line":422,"column":48}},"141":{"start":{"line":423,"column":4},"end":{"line":429,"column":7}},"142":{"start":{"line":431,"column":4},"end":{"line":431,"column":21}},"143":{"start":{"line":433,"column":4},"end":{"line":435,"column":7}},"144":{"start":{"line":439,"column":0},"end":{"line":442,"column":2}},"145":{"start":{"line":440,"column":2},"end":{"line":440,"column":31}},"146":{"start":{"line":441,"column":2},"end":{"line":441,"column":51}},"147":{"start":{"line":444,"column":0},"end":{"line":447,"column":2}},"148":{"start":{"line":445,"column":2},"end":{"line":445,"column":31}},"149":{"start":{"line":446,"column":2},"end":{"line":446,"column":51}},"150":{"start":{"line":449,"column":0},"end":{"line":477,"column":2}},"151":{"start":{"line":450,"column":2},"end":{"line":476,"column":3}},"152":{"start":{"line":451,"column":14},"end":{"line":451,"column":48}},"153":{"start":{"line":453,"column":4},"end":{"line":453,"column":26}},"154":{"start":{"line":455,"column":4},"end":{"line":455,"column":15}},"155":{"start":{"line":456,"column":4},"end":{"line":456,"column":48}},"156":{"start":{"line":457,"column":4},"end":{"line":469,"column":7}},"157":{"start":{"line":471,"column":4},"end":{"line":471,"column":21}},"158":{"start":{"line":473,"column":4},"end":{"line":475,"column":7}},"159":{"start":{"line":480,"column":2},"end":{"line":486,"column":5}},"160":{"start":{"line":490,"column":0},"end":{"line":521,"column":2}},"161":{"start":{"line":491,"column":14},"end":{"line":491,"column":57}},"162":{"start":{"line":492,"column":2},"end":{"line":520,"column":3}},"163":{"start":{"line":493,"column":18},"end":{"line":496,"column":6}},"164":{"start":{"line":498,"column":22},"end":{"line":498,"column":58}},"165":{"start":{"line":500,"column":24},"end":{"line":505,"column":5}},"166":{"start":{"line":507,"column":4},"end":{"line":507,"column":47}},"167":{"start":{"line":509,"column":4},"end":{"line":509,"column":48}},"168":{"start":{"line":510,"column":4},"end":{"line":513,"column":7}},"169":{"start":{"line":515,"column":4},"end":{"line":515,"column":21}},"170":{"start":{"line":517,"column":4},"end":{"line":519,"column":7}},"171":{"start":{"line":523,"column":0},"end":{"line":556,"column":2}},"172":{"start":{"line":524,"column":2},"end":{"line":555,"column":3}},"173":{"start":{"line":525,"column":20},"end":{"line":528,"column":6}},"174":{"start":{"line":530,"column":4},"end":{"line":535,"column":5}},"175":{"start":{"line":531,"column":6},"end":{"line":534,"column":9}},"176":{"start":{"line":537,"column":4},"end":{"line":537,"column":21}},"177":{"start":{"line":539,"column":4},"end":{"line":542,"column":6}},"178":{"start":{"line":544,"column":4},"end":{"line":544,"column":48}},"179":{"start":{"line":545,"column":4},"end":{"line":548,"column":7}},"180":{"start":{"line":550,"column":4},"end":{"line":550,"column":21}},"181":{"start":{"line":552,"column":4},"end":{"line":554,"column":7}}},"fnMap":{"0":{"name":"(anonymous_0)","decl":{"start":{"line":16,"column":31},"end":{"line":16,"column":32}},"loc":{"start":{"line":16,"column":57},"end":{"line":41,"column":1}},"line":16},"1":{"name":"(anonymous_1)","decl":{"start":{"line":43,"column":31},"end":{"line":43,"column":32}},"loc":{"start":{"line":43,"column":57},"end":{"line":68,"column":1}},"line":43},"2":{"name":"(anonymous_2)","decl":{"start":{"line":70,"column":24},"end":{"line":70,"column":25}},"loc":{"start":{"line":70,"column":50},"end":{"line":120,"column":1}},"line":70},"3":{"name":"(anonymous_3)","decl":{"start":{"line":122,"column":28},"end":{"line":122,"column":29}},"loc":{"start":{"line":122,"column":54},"end":{"line":144,"column":1}},"line":122},"4":{"name":"(anonymous_4)","decl":{"start":{"line":146,"column":29},"end":{"line":146,"column":30}},"loc":{"start":{"line":146,"column":55},"end":{"line":189,"column":1}},"line":146},"5":{"name":"(anonymous_5)","decl":{"start":{"line":190,"column":28},"end":{"line":190,"column":29}},"loc":{"start":{"line":190,"column":54},"end":{"line":214,"column":1}},"line":190},"6":{"name":"(anonymous_6)","decl":{"start":{"line":216,"column":28},"end":{"line":216,"column":29}},"loc":{"start":{"line":216,"column":54},"end":{"line":241,"column":1}},"line":216},"7":{"name":"(anonymous_7)","decl":{"start":{"line":243,"column":27},"end":{"line":243,"column":28}},"loc":{"start":{"line":243,"column":53},"end":{"line":277,"column":1}},"line":243},"8":{"name":"(anonymous_8)","decl":{"start":{"line":279,"column":23},"end":{"line":279,"column":24}},"loc":{"start":{"line":279,"column":49},"end":{"line":289,"column":1}},"line":279},"9":{"name":"(anonymous_9)","decl":{"start":{"line":291,"column":34},"end":{"line":291,"column":35}},"loc":{"start":{"line":291,"column":60},"end":{"line":301,"column":1}},"line":291},"10":{"name":"(anonymous_10)","decl":{"start":{"line":303,"column":35},"end":{"line":303,"column":36}},"loc":{"start":{"line":303,"column":61},"end":{"line":359,"column":1}},"line":303},"11":{"name":"(anonymous_11)","decl":{"start":{"line":361,"column":35},"end":{"line":361,"column":36}},"loc":{"start":{"line":361,"column":61},"end":{"line":437,"column":1}},"line":361},"12":{"name":"(anonymous_12)","decl":{"start":{"line":439,"column":35},"end":{"line":439,"column":36}},"loc":{"start":{"line":439,"column":61},"end":{"line":442,"column":1}},"line":439},"13":{"name":"(anonymous_13)","decl":{"start":{"line":444,"column":35},"end":{"line":444,"column":36}},"loc":{"start":{"line":444,"column":61},"end":{"line":447,"column":1}},"line":444},"14":{"name":"(anonymous_14)","decl":{"start":{"line":449,"column":26},"end":{"line":449,"column":27}},"loc":{"start":{"line":449,"column":52},"end":{"line":477,"column":1}},"line":449},"15":{"name":"getTransport","decl":{"start":{"line":479,"column":9},"end":{"line":479,"column":21}},"loc":{"start":{"line":479,"column":24},"end":{"line":487,"column":1}},"line":479},"16":{"name":"(anonymous_16)","decl":{"start":{"line":490,"column":29},"end":{"line":490,"column":30}},"loc":{"start":{"line":490,"column":55},"end":{"line":521,"column":1}},"line":490},"17":{"name":"(anonymous_17)","decl":{"start":{"line":523,"column":27},"end":{"line":523,"column":28}},"loc":{"start":{"line":523,"column":53},"end":{"line":556,"column":1}},"line":523}},"branchMap":{"0":{"loc":{"start":{"line":21,"column":4},"end":{"line":25,"column":5}},"type":"if","locations":[{"start":{"line":21,"column":4},"end":{"line":25,"column":5}},{"start":{},"end":{}}],"line":21},"1":{"loc":{"start":{"line":21,"column":8},"end":{"line":21,"column":51}},"type":"binary-expr","locations":[{"start":{"line":21,"column":8},"end":{"line":21,"column":13}},{"start":{"line":21,"column":17},"end":{"line":21,"column":51}}],"line":21},"2":{"loc":{"start":{"line":72,"column":4},"end":{"line":76,"column":5}},"type":"if","locations":[{"start":{"line":72,"column":4},"end":{"line":76,"column":5}},{"start":{},"end":{}}],"line":72},"3":{"loc":{"start":{"line":81,"column":4},"end":{"line":96,"column":5}},"type":"if","locations":[{"start":{"line":81,"column":4},"end":{"line":96,"column":5}},{"start":{},"end":{}}],"line":81},"4":{"loc":{"start":{"line":97,"column":4},"end":{"line":113,"column":5}},"type":"if","locations":[{"start":{"line":97,"column":4},"end":{"line":113,"column":5}},{"start":{},"end":{}}],"line":97},"5":{"loc":{"start":{"line":313,"column":4},"end":{"line":319,"column":5}},"type":"if","locations":[{"start":{"line":313,"column":4},"end":{"line":319,"column":5}},{"start":{},"end":{}}],"line":313},"6":{"loc":{"start":{"line":326,"column":4},"end":{"line":328,"column":5}},"type":"if","locations":[{"start":{"line":326,"column":4},"end":{"line":328,"column":5}},{"start":{},"end":{}}],"line":326},"7":{"loc":{"start":{"line":368,"column":4},"end":{"line":373,"column":5}},"type":"if","locations":[{"start":{"line":368,"column":4},"end":{"line":373,"column":5}},{"start":{},"end":{}}],"line":368},"8":{"loc":{"start":{"line":375,"column":4},"end":{"line":377,"column":5}},"type":"if","locations":[{"start":{"line":375,"column":4},"end":{"line":377,"column":5}},{"start":{},"end":{}}],"line":375},"9":{"loc":{"start":{"line":385,"column":4},"end":{"line":403,"column":5}},"type":"if","locations":[{"start":{"line":385,"column":4},"end":{"line":403,"column":5}},{"start":{"line":391,"column":11},"end":{"line":403,"column":5}}],"line":385},"10":{"loc":{"start":{"line":391,"column":11},"end":{"line":403,"column":5}},"type":"if","locations":[{"start":{"line":391,"column":11},"end":{"line":403,"column":5}},{"start":{"line":397,"column":11},"end":{"line":403,"column":5}}],"line":391},"11":{"loc":{"start":{"line":397,"column":11},"end":{"line":403,"column":5}},"type":"if","locations":[{"start":{"line":397,"column":11},"end":{"line":403,"column":5}},{"start":{},"end":{}}],"line":397},"12":{"loc":{"start":{"line":405,"column":4},"end":{"line":420,"column":5}},"type":"if","locations":[{"start":{"line":405,"column":4},"end":{"line":420,"column":5}},{"start":{},"end":{}}],"line":405},"13":{"loc":{"start":{"line":406,"column":6},"end":{"line":408,"column":30}},"type":"binary-expr","locations":[{"start":{"line":406,"column":6},"end":{"line":406,"column":31}},{"start":{"line":407,"column":6},"end":{"line":407,"column":30}},{"start":{"line":408,"column":6},"end":{"line":408,"column":30}}],"line":406},"14":{"loc":{"start":{"line":530,"column":4},"end":{"line":535,"column":5}},"type":"if","locations":[{"start":{"line":530,"column":4},"end":{"line":535,"column":5}},{"start":{},"end":{}}],"line":530}},"s":{"0":1,"1":1,"2":1,"3":1,"4":1,"5":1,"6":1,"7":1,"8":1,"9":1,"10":1,"11":1,"12":1,"13":0,"14":0,"15":0,"16":0,"17":0,"18":0,"19":0,"20":0,"21":0,"22":1,"23":0,"24":0,"25":0,"26":0,"27":0,"28":0,"29":1,"30":0,"31":0,"32":0,"33":0,"34":0,"35":0,"36":0,"37":0,"38":0,"39":0,"40":0,"41":0,"42":1,"43":0,"44":0,"45":0,"46":0,"47":0,"48":0,"49":1,"50":0,"51":0,"52":0,"53":0,"54":0,"55":0,"56":0,"57":0,"58":0,"59":0,"60":0,"61":0,"62":0,"63":0,"64":0,"65":0,"66":0,"67":1,"68":0,"69":0,"70":0,"71":0,"72":0,"73":0,"74":0,"75":1,"76":0,"77":0,"78":0,"79":0,"80":0,"81":0,"82":1,"83":0,"84":0,"85":0,"86":0,"87":0,"88":0,"89":0,"90":0,"91":1,"92":0,"93":0,"94":0,"95":1,"96":0,"97":0,"98":0,"99":1,"100":4,"101":4,"102":3,"103":1,"104":1,"105":2,"106":2,"107":1,"108":1,"109":1,"110":1,"111":1,"112":1,"113":1,"114":1,"115":0,"116":0,"117":0,"118":0,"119":0,"120":0,"121":0,"122":0,"123":0,"124":0,"125":0,"126":0,"127":0,"128":0,"129":0,"130":0,"131":0,"132":0,"133":0,"134":0,"135":0,"136":0,"137":0,"138":0,"139":0,"140":0,"141":0,"142":0,"143":0,"144":1,"145":0,"146":0,"147":1,"148":0,"149":0,"150":1,"151":0,"152":0,"153":0,"154":0,"155":0,"156":0,"157":0,"158":0,"159":0,"160":1,"161":0,"162":0,"163":0,"164":0,"165":0,"166":0,"167":0,"168":0,"169":0,"170":0,"171":1,"172":0,"173":0,"174":0,"175":0,"176":0,"177":0,"178":0,"179":0,"180":0,"181":0},"f":{"0":0,"1":0,"2":0,"3":0,"4":0,"5":0,"6":0,"7":0,"8":0,"9":0,"10":4,"11":0,"12":0,"13":0,"14":0,"15":0,"16":0,"17":0},"b":{"0":[0,0],"1":[0,0],"2":[0,0],"3":[0,0],"4":[0,0],"5":[1,2],"6":[1,1],"7":[0,0],"8":[0,0],"9":[0,0],"10":[0,0],"11":[0,0],"12":[0,0],"13":[0,0,0],"14":[0,0]},"_coverageSchema":"1a1c01bbd47fc00a2c39e90264f33305004495a9","hash":"7dc33b2af71ece55f89c096ab33e530593a542f5"}
,"/workspaces/WolfJobs/backend/models/application.js": {"path":"/workspaces/WolfJobs/backend/models/application.js","statementMap":{"0":{"start":{"line":1,"column":17},"end":{"line":1,"column":36}},"1":{"start":{"line":3,"column":26},"end":{"line":93,"column":2}},"2":{"start":{"line":95,"column":20},"end":{"line":95,"column":68}},"3":{"start":{"line":97,"column":0},"end":{"line":97,"column":29}}},"fnMap":{},"branchMap":{},"s":{"0":2,"1":2,"2":2,"3":2},"f":{},"b":{},"_coverageSchema":"1a1c01bbd47fc00a2c39e90264f33305004495a9","hash":"14b766ce6af1a3f52b88d204a293ef22842116e6"}
,"/workspaces/WolfJobs/backend/models/authOtp.js": {"path":"/workspaces/WolfJobs/backend/models/authOtp.js","statementMap":{"0":{"start":{"line":1,"column":17},"end":{"line":1,"column":36}},"1":{"start":{"line":4,"column":22},"end":{"line":20,"column":2}},"2":{"start":{"line":23,"column":16},"end":{"line":23,"column":56}},"3":{"start":{"line":25,"column":0},"end":{"line":25,"column":25}}},"fnMap":{},"branchMap":{},"s":{"0":1,"1":1,"2":1,"3":1},"f":{},"b":{},"_coverageSchema":"1a1c01bbd47fc00a2c39e90264f33305004495a9","hash":"c515e9ff42395bfc0c511a2b7a587b0c797c22bd"}
,"/workspaces/WolfJobs/backend/models/education.js": {"path":"/workspaces/WolfJobs/backend/models/education.js","statementMap":{"0":{"start":{"line":1,"column":17},"end":{"line":1,"column":36}},"1":{"start":{"line":3,"column":24},"end":{"line":49,"column":1}},"2":{"start":{"line":31,"column":12},"end":{"line":31,"column":38}},"3":{"start":{"line":40,"column":12},"end":{"line":40,"column":41}},"4":{"start":{"line":51,"column":18},"end":{"line":51,"column":62}},"5":{"start":{"line":53,"column":0},"end":{"line":53,"column":27}}},"fnMap":{"0":{"name":"(anonymous_0)","decl":{"start":{"line":30,"column":21},"end":{"line":30,"column":22}},"loc":{"start":{"line":30,"column":38},"end":{"line":32,"column":11}},"line":30},"1":{"name":"(anonymous_1)","decl":{"start":{"line":39,"column":21},"end":{"line":39,"column":22}},"loc":{"start":{"line":39,"column":38},"end":{"line":41,"column":11}},"line":39}},"branchMap":{},"s":{"0":2,"1":2,"2":0,"3":0,"4":2,"5":2},"f":{"0":0,"1":0},"b":{},"_coverageSchema":"1a1c01bbd47fc00a2c39e90264f33305004495a9","hash":"f5d41f0e2650b146f897f9b4a92189289744b3f2"}
,"/workspaces/WolfJobs/backend/models/email.js": {"path":"/workspaces/WolfJobs/backend/models/email.js","statementMap":{"0":{"start":{"line":1,"column":19},"end":{"line":1,"column":40}},"1":{"start":{"line":2,"column":0},"end":{"line":2,"column":27}},"2":{"start":{"line":5,"column":20},"end":{"line":11,"column":2}},"3":{"start":{"line":13,"column":0},"end":{"line":26,"column":2}},"4":{"start":{"line":14,"column":24},"end":{"line":19,"column":5}},"5":{"start":{"line":20,"column":4},"end":{"line":25,"column":5}},"6":{"start":{"line":21,"column":8},"end":{"line":21,"column":48}},"7":{"start":{"line":22,"column":8},"end":{"line":22,"column":48}},"8":{"start":{"line":24,"column":8},"end":{"line":24,"column":53}}},"fnMap":{"0":{"name":"(anonymous_0)","decl":{"start":{"line":13,"column":27},"end":{"line":13,"column":28}},"loc":{"start":{"line":13,"column":68},"end":{"line":26,"column":1}},"line":13}},"branchMap":{},"s":{"0":2,"1":2,"2":2,"3":2,"4":0,"5":0,"6":0,"7":0,"8":0},"f":{"0":0},"b":{},"_coverageSchema":"1a1c01bbd47fc00a2c39e90264f33305004495a9","hash":"559f667c894ef8ed59ca63f2aca53927c802a227"}
,"/workspaces/WolfJobs/backend/models/experience.js": {"path":"/workspaces/WolfJobs/backend/models/experience.js","statementMap":{"0":{"start":{"line":1,"column":17},"end":{"line":1,"column":36}},"1":{"start":{"line":3,"column":25},"end":{"line":45,"column":1}},"2":{"start":{"line":27,"column":12},"end":{"line":27,"column":38}},"3":{"start":{"line":36,"column":12},"end":{"line":36,"column":41}},"4":{"start":{"line":47,"column":19},"end":{"line":47,"column":65}},"5":{"start":{"line":49,"column":0},"end":{"line":49,"column":28}}},"fnMap":{"0":{"name":"(anonymous_0)","decl":{"start":{"line":26,"column":21},"end":{"line":26,"column":22}},"loc":{"start":{"line":26,"column":38},"end":{"line":28,"column":11}},"line":26},"1":{"name":"(anonymous_1)","decl":{"start":{"line":35,"column":21},"end":{"line":35,"column":22}},"loc":{"start":{"line":35,"column":38},"end":{"line":37,"column":11}},"line":35}},"branchMap":{},"s":{"0":2,"1":2,"2":0,"3":0,"4":2,"5":2},"f":{"0":0,"1":0},"b":{},"_coverageSchema":"1a1c01bbd47fc00a2c39e90264f33305004495a9","hash":"594d2f64f03fbfc2e487aedf2603edd38ca45333"}
,"/workspaces/WolfJobs/backend/models/food.js": {"path":"/workspaces/WolfJobs/backend/models/food.js","statementMap":{"0":{"start":{"line":1,"column":17},"end":{"line":1,"column":36}},"1":{"start":{"line":4,"column":19},"end":{"line":14,"column":2}},"2":{"start":{"line":17,"column":13},"end":{"line":17,"column":47}},"3":{"start":{"line":19,"column":0},"end":{"line":19,"column":22}}},"fnMap":{},"branchMap":{},"s":{"0":1,"1":1,"2":1,"3":1},"f":{},"b":{},"_coverageSchema":"1a1c01bbd47fc00a2c39e90264f33305004495a9","hash":"79d32753ee67b4845ac328c7ba83f06eaf4f83f8"}
,"/workspaces/WolfJobs/backend/models/history.js": {"path":"/workspaces/WolfJobs/backend/models/history.js","statementMap":{"0":{"start":{"line":1,"column":17},"end":{"line":1,"column":36}},"1":{"start":{"line":4,"column":22},"end":{"line":23,"column":2}},"2":{"start":{"line":26,"column":16},"end":{"line":26,"column":56}},"3":{"start":{"line":28,"column":0},"end":{"line":28,"column":25}}},"fnMap":{},"branchMap":{},"s":{"0":1,"1":1,"2":1,"3":1},"f":{},"b":{},"_coverageSchema":"1a1c01bbd47fc00a2c39e90264f33305004495a9","hash":"b6f40f9fc574e1c6761b7cce3100501e8d1d6ab5"}
,"/workspaces/WolfJobs/backend/models/job.js": {"path":"/workspaces/WolfJobs/backend/models/job.js","statementMap":{"0":{"start":{"line":1,"column":17},"end":{"line":1,"column":36}},"1":{"start":{"line":3,"column":18},"end":{"line":56,"column":2}},"2":{"start":{"line":58,"column":12},"end":{"line":58,"column":44}},"3":{"start":{"line":60,"column":0},"end":{"line":60,"column":21}}},"fnMap":{},"branchMap":{},"s":{"0":1,"1":1,"2":1,"3":1},"f":{},"b":{},"_coverageSchema":"1a1c01bbd47fc00a2c39e90264f33305004495a9","hash":"c14cd627cbd5fdd8e3a258da53dc7ca8ae7aefcb"}
,"/workspaces/WolfJobs/backend/models/resume.js": {"path":"/workspaces/WolfJobs/backend/models/resume.js","statementMap":{"0":{"start":{"line":1,"column":17},"end":{"line":1,"column":36}},"1":{"start":{"line":3,"column":21},"end":{"line":26,"column":2}},"2":{"start":{"line":28,"column":15},"end":{"line":28,"column":53}},"3":{"start":{"line":30,"column":0},"end":{"line":30,"column":24}}},"fnMap":{},"branchMap":{},"s":{"0":2,"1":2,"2":2,"3":2},"f":{},"b":{},"_coverageSchema":"1a1c01bbd47fc00a2c39e90264f33305004495a9","hash":"cfe309b8ff2230f0a20da0af7f6977b2f469ed21"}
,"/workspaces/WolfJobs/backend/models/user.js": {"path":"/workspaces/WolfJobs/backend/models/user.js","statementMap":{"0":{"start":{"line":1,"column":17},"end":{"line":1,"column":36}},"1":{"start":{"line":3,"column":19},"end":{"line":70,"column":1}},"2":{"start":{"line":72,"column":13},"end":{"line":72,"column":47}},"3":{"start":{"line":74,"column":0},"end":{"line":74,"column":22}}},"fnMap":{},"branchMap":{},"s":{"0":3,"1":3,"2":3,"3":3},"f":{},"b":{},"_coverageSchema":"1a1c01bbd47fc00a2c39e90264f33305004495a9","hash":"4ecc801813ddea22c0abe8bbf47baf7b49993daf"}
}
