TN:
SF:controllers/resume_controller.js
FN:10,(anonymous_0)
FN:19,(anonymous_1)
FN:46,(anonymous_2)
FN:65,(anonymous_3)
FN:69,(anonymous_4)
FN:87,(anonymous_5)
FNF:6
FNH:1
FNDA:0,(anonymous_0)
FNDA:0,(anonymous_1)
FNDA:0,(anonymous_2)
FNDA:0,(anonymous_3)
FNDA:3,(anonymous_4)
FNDA:0,(anonymous_5)
DA:2,1
DA:3,1
DA:4,1
DA:6,1
DA:8,1
DA:11,0
DA:12,0
DA:14,0
DA:19,1
DA:20,0
DA:22,0
DA:23,0
DA:26,0
DA:27,0
DA:33,0
DA:36,0
DA:37,0
DA:38,0
DA:40,0
DA:42,0
DA:46,1
DA:47,0
DA:48,0
DA:49,0
DA:50,0
DA:51,0
DA:53,0
DA:55,0
DA:56,0
DA:58,0
DA:63,1
DA:65,1
DA:66,0
DA:69,1
DA:70,3
DA:71,3
DA:72,2
DA:73,1
DA:75,1
DA:77,1
DA:78,1
DA:80,1
DA:85,1
DA:87,1
DA:88,0
LF:45
LH:20
BRDA:11,0,0,0
BRDA:11,0,1,0
BRDA:22,1,0,0
BRDA:22,1,1,0
BRDA:50,2,0,0
BRDA:50,2,1,0
BRDA:72,3,0,1
BRDA:72,3,1,1
BRF:8
BRH:2
end_of_record
TN:
SF:controllers/api/v1/profile_apis.js
FN:15,(anonymous_0)
FN:38,(anonymous_1)
FN:60,(anonymous_2)
FN:84,(anonymous_3)
FN:108,(anonymous_4)
FN:131,(anonymous_5)
FN:153,(anonymous_6)
FN:177,(anonymous_7)
FN:200,(anonymous_8)
FNF:9
FNH:6
FNDA:2,(anonymous_0)
FNDA:0,(anonymous_1)
FNDA:2,(anonymous_2)
FNDA:2,(anonymous_3)
FNDA:2,(anonymous_4)
FNDA:0,(anonymous_5)
FNDA:2,(anonymous_6)
FNDA:2,(anonymous_7)
FNDA:0,(anonymous_8)
DA:1,2
DA:2,2
DA:3,2
DA:4,2
DA:5,2
DA:6,2
DA:8,2
DA:10,2
DA:11,2
DA:12,2
DA:13,2
DA:15,2
DA:16,2
DA:19,2
DA:20,2
DA:22,1
DA:32,1
DA:38,2
DA:39,0
DA:42,0
DA:43,0
DA:45,0
DA:54,0
DA:60,2
DA:61,2
DA:64,2
DA:65,2
DA:68,1
DA:77,1
DA:84,2
DA:85,2
DA:88,2
DA:89,2
DA:90,2
DA:92,1
DA:101,1
DA:108,2
DA:109,2
DA:112,2
DA:113,2
DA:115,1
DA:125,1
DA:131,2
DA:132,0
DA:135,0
DA:136,0
DA:138,0
DA:147,0
DA:153,2
DA:154,2
DA:157,2
DA:158,2
DA:161,1
DA:170,1
DA:177,2
DA:178,2
DA:181,2
DA:182,2
DA:183,2
DA:185,1
DA:194,1
DA:200,2
DA:201,0
DA:204,0
DA:205,0
DA:206,0
DA:207,0
DA:208,0
DA:209,0
DA:218,0
DA:219,0
DA:220,0
DA:221,0
DA:224,0
DA:227,0
DA:228,0
DA:229,0
DA:230,0
DA:234,0
DA:248,0
DA:249,0
DA:251,0
DA:254,0
DA:255,0
DA:258,0
DA:266,0
LF:86
LH:52
BRDA:208,0,0,0
BRDA:208,0,1,0
BRDA:208,1,0,0
BRDA:208,1,1,0
BRDA:219,2,0,0
BRDA:219,2,1,0
BRDA:222,3,0,0
BRDA:222,3,1,0
BRDA:223,4,0,0
BRDA:223,4,1,0
BRDA:227,5,0,0
BRDA:227,5,1,0
BRDA:229,6,0,0
BRDA:229,6,1,0
BRF:14
BRH:0
end_of_record
TN:
SF:controllers/api/v1/users_api.js
FN:16,(anonymous_0)
FN:43,(anonymous_1)
FN:70,(anonymous_2)
FN:122,(anonymous_3)
FN:146,(anonymous_4)
FN:190,(anonymous_5)
FN:216,(anonymous_6)
FN:243,(anonymous_7)
FN:279,(anonymous_8)
FN:291,(anonymous_9)
FN:303,(anonymous_10)
FN:361,(anonymous_11)
FN:439,(anonymous_12)
FN:444,(anonymous_13)
FN:449,(anonymous_14)
FN:479,getTransport
FN:490,(anonymous_16)
FN:523,(anonymous_17)
FNF:18
FNH:1
FNDA:0,(anonymous_0)
FNDA:0,(anonymous_1)
FNDA:0,(anonymous_2)
FNDA:0,(anonymous_3)
FNDA:0,(anonymous_4)
FNDA:0,(anonymous_5)
FNDA:0,(anonymous_6)
FNDA:0,(anonymous_7)
FNDA:0,(anonymous_8)
FNDA:0,(anonymous_9)
FNDA:4,(anonymous_10)
FNDA:0,(anonymous_11)
FNDA:0,(anonymous_12)
FNDA:0,(anonymous_13)
FNDA:0,(anonymous_14)
FNDA:0,getTransport
FNDA:0,(anonymous_16)
FNDA:0,(anonymous_17)
DA:1,1
DA:2,1
DA:3,1
DA:4,1
DA:5,1
DA:6,1
DA:7,1
DA:8,1
DA:9,1
DA:11,1
DA:12,1
DA:14,1
DA:16,1
DA:17,0
DA:19,0
DA:20,0
DA:21,0
DA:22,0
DA:26,0
DA:27,0
DA:36,0
DA:37,0
DA:43,1
DA:44,0
DA:45,0
DA:52,0
DA:53,0
DA:62,0
DA:64,0
DA:70,1
DA:71,0
DA:72,0
DA:73,0
DA:80,0
DA:81,0
DA:82,0
DA:83,0
DA:97,0
DA:98,0
DA:99,0
DA:100,0
DA:116,0
DA:122,1
DA:123,0
DA:124,0
DA:125,0
DA:126,0
DA:138,0
DA:140,0
DA:146,1
DA:148,0
DA:149,0
DA:151,0
DA:152,0
DA:153,0
DA:154,0
DA:155,0
DA:156,0
DA:157,0
DA:158,0
DA:160,0
DA:161,0
DA:162,0
DA:163,0
DA:164,0
DA:178,0
DA:180,0
DA:190,1
DA:191,0
DA:192,0
DA:194,0
DA:195,0
DA:196,0
DA:208,0
DA:210,0
DA:216,1
DA:217,0
DA:218,0
DA:222,0
DA:223,0
DA:235,0
DA:237,0
DA:243,1
DA:244,0
DA:245,0
DA:246,0
DA:247,0
DA:261,0
DA:262,0
DA:271,0
DA:273,0
DA:279,1
DA:280,0
DA:283,0
DA:284,0
DA:291,1
DA:292,0
DA:295,0
DA:296,0
DA:303,1
DA:307,4
DA:308,4
DA:313,3
DA:314,1
DA:315,1
DA:322,2
DA:326,2
DA:327,1
DA:331,1
DA:347,1
DA:348,1
DA:349,1
DA:356,1
DA:357,1
DA:361,1
DA:362,0
DA:363,0
DA:364,0
DA:365,0
DA:368,0
DA:369,0
DA:370,0
DA:371,0
DA:372,0
DA:375,0
DA:376,0
DA:378,0
DA:381,0
DA:382,0
DA:385,0
DA:388,0
DA:391,0
DA:393,0
DA:397,0
DA:399,0
DA:405,0
DA:411,0
DA:412,0
DA:414,0
DA:415,0
DA:422,0
DA:423,0
DA:431,0
DA:433,0
DA:439,1
DA:440,0
DA:441,0
DA:444,1
DA:445,0
DA:446,0
DA:449,1
DA:450,0
DA:451,0
DA:453,0
DA:455,0
DA:456,0
DA:457,0
DA:471,0
DA:473,0
DA:480,0
DA:490,1
DA:491,0
DA:492,0
DA:493,0
DA:498,0
DA:500,0
DA:507,0
DA:509,0
DA:510,0
DA:515,0
DA:517,0
DA:523,1
DA:524,0
DA:525,0
DA:530,0
DA:531,0
DA:537,0
DA:539,0
DA:544,0
DA:545,0
DA:550,0
DA:552,0
LF:182
LH:43
BRDA:21,0,0,0
BRDA:21,0,1,0
BRDA:21,1,0,0
BRDA:21,1,1,0
BRDA:72,2,0,0
BRDA:72,2,1,0
BRDA:81,3,0,0
BRDA:81,3,1,0
BRDA:97,4,0,0
BRDA:97,4,1,0
BRDA:313,5,0,1
BRDA:313,5,1,2
BRDA:326,6,0,1
BRDA:326,6,1,1
BRDA:368,7,0,0
BRDA:368,7,1,0
BRDA:375,8,0,0
BRDA:375,8,1,0
BRDA:385,9,0,0
BRDA:385,9,1,0
BRDA:391,10,0,0
BRDA:391,10,1,0
BRDA:397,11,0,0
BRDA:397,11,1,0
BRDA:405,12,0,0
BRDA:405,12,1,0
BRDA:406,13,0,0
BRDA:406,13,1,0
BRDA:406,13,2,0
BRDA:530,14,0,0
BRDA:530,14,1,0
BRF:31
BRH:4
end_of_record
TN:
SF:models/application.js
FNF:0
FNH:0
DA:1,2
DA:3,2
DA:95,2
DA:97,2
LF:4
LH:4
BRF:0
BRH:0
end_of_record
TN:
SF:models/authOtp.js
FNF:0
FNH:0
DA:1,1
DA:4,1
DA:23,1
DA:25,1
LF:4
LH:4
BRF:0
BRH:0
end_of_record
TN:
SF:models/education.js
FN:30,(anonymous_0)
FN:39,(anonymous_1)
FNF:2
FNH:0
FNDA:0,(anonymous_0)
FNDA:0,(anonymous_1)
DA:1,3
DA:3,3
DA:31,0
DA:40,0
DA:51,3
DA:53,3
LF:6
LH:4
BRF:0
BRH:0
end_of_record
TN:
SF:models/email.js
FN:13,(anonymous_0)
FNF:1
FNH:0
FNDA:0,(anonymous_0)
DA:1,3
DA:2,3
DA:5,3
DA:13,3
DA:14,0
DA:20,0
DA:21,0
DA:22,0
DA:24,0
LF:9
LH:4
BRF:0
BRH:0
end_of_record
TN:
SF:models/experience.js
FN:26,(anonymous_0)
FN:35,(anonymous_1)
FNF:2
FNH:0
FNDA:0,(anonymous_0)
FNDA:0,(anonymous_1)
DA:1,3
DA:3,3
DA:27,0
DA:36,0
DA:47,3
DA:49,3
LF:6
LH:4
BRF:0
BRH:0
end_of_record
TN:
SF:models/food.js
FNF:0
FNH:0
DA:1,1
DA:4,1
DA:17,1
DA:19,1
LF:4
LH:4
BRF:0
BRH:0
end_of_record
TN:
SF:models/history.js
FNF:0
FNH:0
DA:1,1
DA:4,1
DA:26,1
DA:28,1
LF:4
LH:4
BRF:0
BRH:0
end_of_record
TN:
SF:models/job.js
FNF:0
FNH:0
DA:1,1
DA:3,1
DA:58,1
DA:60,1
LF:4
LH:4
BRF:0
BRH:0
end_of_record
TN:
SF:models/resume.js
FNF:0
FNH:0
DA:1,2
DA:3,2
DA:28,2
DA:30,2
LF:4
LH:4
BRF:0
BRH:0
end_of_record
TN:
SF:models/user.js
FNF:0
FNH:0
DA:1,4
DA:3,4
DA:72,4
DA:74,4
LF:4
LH:4
BRF:0
BRH:0
end_of_record
